# JRE version: OpenJDK Runtime Environment JBR-21.0.6+9-895.109-jcef (21.0.6+9) (build 21.0.6+9-b895.109)
# Java VM: OpenJDK 64-Bit Server VM JBR-21.0.6+9-895.109-jcef (21.0.6+9-b895.109, mixed mode, sharing, tiered, compressed oops, compressed class ptrs, g1 gc, linux-amd64)
GC Precious Log:
 CardTable entry size: 512
 Card Set container configuration: InlinePtr #cards 4 size 8 Array Of Cards #cards 32 size 80 Howl #buckets 8 coarsen threshold 7372 Howl Bitmap #cards 1024 size 144 coarsen threshold 921 Card regions per heap region 1 cards per card region 8192
 CPUs: 20 total, 20 available
 Memory: 31745M
 Large Page Support: Disabled
 NUMA Support: Disabled
 Compressed Oops: Enabled (Zero based)
 Heap Region Size: 4M
 Heap Min Capacity: 8M
 Heap Initial Capacity: 500M
 Heap Max Capacity: 7940M
 Pre-touch: Disabled
 Parallel Workers: 15
 Concurrent Workers: 4
 Concurrent Refinement Workers: 15
 Periodic GC: Disabled
Heap:
 garbage-first heap   total 180224K, used 102212K [0x000000060fc00000, 0x0000000800000000)
  region size 4096K, 18 young (73728K), 4 survivors (16384K)
 Metaspace       used 106380K, committed 107264K, reserved 1179648K
  class space    used 13367K, committed 13760K, reserved 1048576K
GC Heap History (20 events):
Event: 1.000 GC heap before
{Heap before GC invocations=4 (full 0):
 garbage-first heap   total 81920K, used 73797K [0x000000060fc00000, 0x0000000800000000)
  region size 4096K, 16 young (65536K), 2 survivors (8192K)
 Metaspace       used 27446K, committed 27776K, reserved 1114112K
  class space    used 3101K, committed 3264K, reserved 1048576K
}
Event: 1.003 GC heap after
{Heap after GC invocations=5 (full 0):
 garbage-first heap   total 94208K, used 21204K [0x000000060fc00000, 0x0000000800000000)
  region size 4096K, 3 young (12288K), 3 survivors (12288K)
 Metaspace       used 27446K, committed 27776K, reserved 1114112K
  class space    used 3101K, committed 3264K, reserved 1048576K
}
Event: 1.377 GC heap before
{Heap before GC invocations=5 (full 0):
 garbage-first heap   total 94208K, used 62164K [0x000000060fc00000, 0x0000000800000000)
  region size 4096K, 13 young (53248K), 3 survivors (12288K)
 Metaspace       used 32593K, committed 32960K, reserved 1114112K
  class space    used 3786K, committed 3968K, reserved 1048576K
}
Event: 1.383 GC heap after
{Heap after GC invocations=6 (full 0):
 garbage-first heap   total 94208K, used 23904K [0x000000060fc00000, 0x0000000800000000)
  region size 4096K, 1 young (4096K), 1 survivors (4096K)
 Metaspace       used 32593K, committed 32960K, reserved 1114112K
  class space    used 3786K, committed 3968K, reserved 1048576K
}
Event: 1.585 GC heap before
{Heap before GC invocations=6 (full 0):
 garbage-first heap   total 94208K, used 40288K [0x000000060fc00000, 0x0000000800000000)
  region size 4096K, 6 young (24576K), 1 survivors (4096K)
 Metaspace       used 35752K, committed 36160K, reserved 1114112K
  class space    used 4226K, committed 4416K, reserved 1048576K
}
Event: 1.588 GC heap after
{Heap after GC invocations=7 (full 0):
 garbage-first heap   total 94208K, used 25055K [0x000000060fc00000, 0x0000000800000000)
  region size 4096K, 2 young (8192K), 2 survivors (8192K)
 Metaspace       used 35752K, committed 36160K, reserved 1114112K
  class space    used 4226K, committed 4416K, reserved 1048576K
}
Event: 1.965 GC heap before
{Heap before GC invocations=8 (full 0):
 garbage-first heap   total 94208K, used 66015K [0x000000060fc00000, 0x0000000800000000)
  region size 4096K, 12 young (49152K), 2 survivors (8192K)
 Metaspace       used 43899K, committed 44416K, reserved 1114112K
  class space    used 5346K, committed 5568K, reserved 1048576K
}
Event: 1.967 GC heap after
{Heap after GC invocations=9 (full 0):
 garbage-first heap   total 94208K, used 27201K [0x000000060fc00000, 0x0000000800000000)
  region size 4096K, 1 young (4096K), 1 survivors (4096K)
 Metaspace       used 43899K, committed 44416K, reserved 1114112K
  class space    used 5346K, committed 5568K, reserved 1048576K
}
Event: 2.359 GC heap before
{Heap before GC invocations=9 (full 0):
 garbage-first heap   total 94208K, used 72257K [0x000000060fc00000, 0x0000000800000000)
  region size 4096K, 13 young (53248K), 1 survivors (4096K)
 Metaspace       used 55784K, committed 56320K, reserved 1114112K
  class space    used 6880K, committed 7104K, reserved 1048576K
}
Event: 2.362 GC heap after
{Heap after GC invocations=10 (full 0):
 garbage-first heap   total 94208K, used 29697K [0x000000060fc00000, 0x0000000800000000)
  region size 4096K, 2 young (8192K), 2 survivors (8192K)
 Metaspace       used 55784K, committed 56320K, reserved 1114112K
  class space    used 6880K, committed 7104K, reserved 1048576K
}
Event: 2.530 GC heap before
{Heap before GC invocations=10 (full 0):
 garbage-first heap   total 94208K, used 46081K [0x000000060fc00000, 0x0000000800000000)
  region size 4096K, 7 young (28672K), 2 survivors (8192K)
 Metaspace       used 60182K, committed 60736K, reserved 1114112K
  class space    used 7544K, committed 7808K, reserved 1048576K
}
Event: 2.533 GC heap after
{Heap after GC invocations=11 (full 0):
 garbage-first heap   total 94208K, used 30698K [0x000000060fc00000, 0x0000000800000000)
  region size 4096K, 1 young (4096K), 1 survivors (4096K)
 Metaspace       used 60182K, committed 60736K, reserved 1114112K
  class space    used 7544K, committed 7808K, reserved 1048576K
}
Event: 3.083 GC heap before
{Heap before GC invocations=12 (full 0):
 garbage-first heap   total 94208K, used 79850K [0x000000060fc00000, 0x0000000800000000)
  region size 4096K, 13 young (53248K), 1 survivors (4096K)
 Metaspace       used 67970K, committed 68544K, reserved 1114112K
  class space    used 8686K, committed 8960K, reserved 1048576K
}
Event: 3.085 GC heap after
{Heap after GC invocations=13 (full 0):
 garbage-first heap   total 94208K, used 34772K [0x000000060fc00000, 0x0000000800000000)
  region size 4096K, 2 young (8192K), 2 survivors (8192K)
 Metaspace       used 67970K, committed 68544K, reserved 1114112K
  class space    used 8686K, committed 8960K, reserved 1048576K
}
Event: 3.472 GC heap before
{Heap before GC invocations=13 (full 0):
 garbage-first heap   total 94208K, used 75732K [0x000000060fc00000, 0x0000000800000000)
  region size 4096K, 12 young (49152K), 2 survivors (8192K)
 Metaspace       used 76504K, committed 77120K, reserved 1179648K
  class space    used 9731K, committed 9984K, reserved 1048576K
}
Event: 3.476 GC heap after
{Heap after GC invocations=14 (full 0):
 garbage-first heap   total 94208K, used 37682K [0x000000060fc00000, 0x0000000800000000)
  region size 4096K, 2 young (8192K), 2 survivors (8192K)
 Metaspace       used 76504K, committed 77120K, reserved 1179648K
  class space    used 9731K, committed 9984K, reserved 1048576K
}
Event: 3.781 GC heap before
{Heap before GC invocations=14 (full 0):
 garbage-first heap   total 94208K, used 70450K [0x000000060fc00000, 0x0000000800000000)
  region size 4096K, 11 young (45056K), 2 survivors (8192K)
 Metaspace       used 84166K, committed 84800K, reserved 1179648K
  class space    used 10648K, committed 10944K, reserved 1048576K
}
Event: 3.786 GC heap after
{Heap after GC invocations=15 (full 0):
 garbage-first heap   total 303104K, used 40192K [0x000000060fc00000, 0x0000000800000000)
  region size 4096K, 2 young (8192K), 2 survivors (8192K)
 Metaspace       used 84166K, committed 84800K, reserved 1179648K
  class space    used 10648K, committed 10944K, reserved 1048576K
}
Event: 99.083 GC heap before
{Heap before GC invocations=15 (full 0):
 garbage-first heap   total 303104K, used 179456K [0x000000060fc00000, 0x0000000800000000)
  region size 4096K, 37 young (151552K), 2 survivors (8192K)
 Metaspace       used 100884K, committed 101568K, reserved 1179648K
  class space    used 12634K, committed 12928K, reserved 1048576K
}
Event: 99.088 GC heap after
{Heap after GC invocations=16 (full 0):
 garbage-first heap   total 303104K, used 48964K [0x000000060fc00000, 0x0000000800000000)
  region size 4096K, 4 young (16384K), 4 survivors (16384K)
 Metaspace       used 100884K, committed 101568K, reserved 1179648K
  class space    used 12634K, committed 12928K, reserved 1048576K
}

